C:\xampp\htdocs\courts\.htaccess
C:\xampp\htdocs\courts\api\.htaccess
C:\xampp\htdocs\courts\api\index.php
C:\xampp\htdocs\courts\composer.json
C:\xampp\htdocs\courts\controllers\ApiController.php
C:\xampp\htdocs\courts\controllers\AppealController.php
C:\xampp\htdocs\courts\controllers\AppointmentsController.php
C:\xampp\htdocs\courts\controllers\AttorneysController.php
C:\xampp\htdocs\courts\controllers\BarsController.php
C:\xampp\htdocs\courts\controllers\CaseChargesController.php
C:\xampp\htdocs\courts\controllers\CaseHearsController.php
C:\xampp\htdocs\courts\controllers\ControllerBase.php
C:\xampp\htdocs\courts\controllers\CourtsController.php
C:\xampp\htdocs\courts\controllers\Crosstab1Controller.php
C:\xampp\htdocs\courts\controllers\Crosstab2Controller.php
C:\xampp\htdocs\courts\controllers\Crosstab3Controller.php
C:\xampp\htdocs\courts\controllers\Dashboard1Controller.php
C:\xampp\htdocs\courts\controllers\DecisionsController.php
C:\xampp\htdocs\courts\controllers\EsregnaController.php
C:\xampp\htdocs\courts\controllers\FilelistController.php
C:\xampp\htdocs\courts\controllers\JudgesController.php
C:\xampp\htdocs\courts\controllers\ListfileController.php
C:\xampp\htdocs\courts\controllers\OthersController.php
C:\xampp\htdocs\courts\controllers\Report1Controller.php
C:\xampp\htdocs\courts\controllers\Report2Controller.php
C:\xampp\htdocs\courts\controllers\Report3Controller.php
C:\xampp\htdocs\courts\controllers\Report4Controller.php
C:\xampp\htdocs\courts\controllers\Report5Controller.php
C:\xampp\htdocs\courts\controllers\Report6Controller.php
C:\xampp\htdocs\courts\controllers\SpecialfilesController.php
C:\xampp\htdocs\courts\controllers\TbydController.php
C:\xampp\htdocs\courts\controllers\TekesashController.php
C:\xampp\htdocs\courts\controllers\UserlevelpermissionsController.php
C:\xampp\htdocs\courts\controllers\UserlevelsController.php
C:\xampp\htdocs\courts\controllers\UsersController.php
C:\xampp\htdocs\courts\controllers\Wesane2Controller.php
C:\xampp\htdocs\courts\controllers\WesaneController.php
C:\xampp\htdocs\courts\controllers\WittnessesController.php
C:\xampp\htdocs\courts\controllers\_127012A81233123DController.php
C:\xampp\htdocs\courts\css\ewpdf.scss
C:\xampp\htdocs\courts\css\project2.scss
C:\xampp\htdocs\courts\css\query-builder.scss
C:\xampp\htdocs\courts\css\tabulator_bootstrap5.scss
C:\xampp\htdocs\courts\css\tempus-dominus.scss
C:\xampp\htdocs\courts\files\index.html
C:\xampp\htdocs\courts\index.php
C:\xampp\htdocs\courts\js\eweditor.js
C:\xampp\htdocs\courts\js\userevent.js
C:\xampp\htdocs\courts\js\userfn.js
C:\xampp\htdocs\courts\log\index.html
C:\xampp\htdocs\courts\models\Appeal.php
C:\xampp\htdocs\courts\models\AppealAdd.php
C:\xampp\htdocs\courts\models\AppealDelete.php
C:\xampp\htdocs\courts\models\AppealEdit.php
C:\xampp\htdocs\courts\models\AppealList.php
C:\xampp\htdocs\courts\models\AppealView.php
C:\xampp\htdocs\courts\models\Appointments.php
C:\xampp\htdocs\courts\models\AppointmentsAdd.php
C:\xampp\htdocs\courts\models\AppointmentsDelete.php
C:\xampp\htdocs\courts\models\AppointmentsEdit.php
C:\xampp\htdocs\courts\models\AppointmentsList.php
C:\xampp\htdocs\courts\models\AppointmentsView.php
C:\xampp\htdocs\courts\models\Attorneys.php
C:\xampp\htdocs\courts\models\AttorneysAdd.php
C:\xampp\htdocs\courts\models\AttorneysDelete.php
C:\xampp\htdocs\courts\models\AttorneysEdit.php
C:\xampp\htdocs\courts\models\AttorneysList.php
C:\xampp\htdocs\courts\models\AttorneysView.php
C:\xampp\htdocs\courts\models\Bars.php
C:\xampp\htdocs\courts\models\BarsAdd.php
C:\xampp\htdocs\courts\models\BarsDelete.php
C:\xampp\htdocs\courts\models\BarsEdit.php
C:\xampp\htdocs\courts\models\BarsList.php
C:\xampp\htdocs\courts\models\BarsView.php
C:\xampp\htdocs\courts\models\CaseCharges.php
C:\xampp\htdocs\courts\models\CaseChargesAdd.php
C:\xampp\htdocs\courts\models\CaseChargesDelete.php
C:\xampp\htdocs\courts\models\CaseChargesEdit.php
C:\xampp\htdocs\courts\models\CaseChargesList.php
C:\xampp\htdocs\courts\models\CaseChargesView.php
C:\xampp\htdocs\courts\models\CaseHears.php
C:\xampp\htdocs\courts\models\CaseHearsAdd.php
C:\xampp\htdocs\courts\models\CaseHearsDelete.php
C:\xampp\htdocs\courts\models\CaseHearsEdit.php
C:\xampp\htdocs\courts\models\CaseHearsList.php
C:\xampp\htdocs\courts\models\CaseHearsView.php
C:\xampp\htdocs\courts\models\ChangePassword.php
C:\xampp\htdocs\courts\models\Courts.php
C:\xampp\htdocs\courts\models\CourtsAdd.php
C:\xampp\htdocs\courts\models\CourtsDelete.php
C:\xampp\htdocs\courts\models\CourtsEdit.php
C:\xampp\htdocs\courts\models\CourtsList.php
C:\xampp\htdocs\courts\models\CourtsView.php
C:\xampp\htdocs\courts\models\Crosstab1.php
C:\xampp\htdocs\courts\models\Crosstab1Crosstab.php
C:\xampp\htdocs\courts\models\Crosstab2.php
C:\xampp\htdocs\courts\models\Crosstab2Crosstab.php
C:\xampp\htdocs\courts\models\Crosstab3.php
C:\xampp\htdocs\courts\models\Crosstab3Crosstab.php
C:\xampp\htdocs\courts\models\Dashboard1.php
C:\xampp\htdocs\courts\models\Decisions.php
C:\xampp\htdocs\courts\models\DecisionsAdd.php
C:\xampp\htdocs\courts\models\DecisionsDelete.php
C:\xampp\htdocs\courts\models\DecisionsEdit.php
C:\xampp\htdocs\courts\models\DecisionsList.php
C:\xampp\htdocs\courts\models\DecisionsView.php
C:\xampp\htdocs\courts\models\Esregna.php
C:\xampp\htdocs\courts\models\EsregnaList.php
C:\xampp\htdocs\courts\models\Filelist.php
C:\xampp\htdocs\courts\models\FilelistList.php
C:\xampp\htdocs\courts\models\Judges.php
C:\xampp\htdocs\courts\models\JudgesAdd.php
C:\xampp\htdocs\courts\models\JudgesDelete.php
C:\xampp\htdocs\courts\models\JudgesEdit.php
C:\xampp\htdocs\courts\models\JudgesList.php
C:\xampp\htdocs\courts\models\JudgesView.php
C:\xampp\htdocs\courts\models\Listfile.php
C:\xampp\htdocs\courts\models\ListfileList.php
C:\xampp\htdocs\courts\models\Login.php
C:\xampp\htdocs\courts\models\Logout.php
C:\xampp\htdocs\courts\models\PersonalData.php
C:\xampp\htdocs\courts\models\Register.php
C:\xampp\htdocs\courts\models\Report1.php
C:\xampp\htdocs\courts\models\Report1Summary.php
C:\xampp\htdocs\courts\models\Report2.php
C:\xampp\htdocs\courts\models\Report2Summary.php
C:\xampp\htdocs\courts\models\Report3.php
C:\xampp\htdocs\courts\models\Report3Summary.php
C:\xampp\htdocs\courts\models\Report4.php
C:\xampp\htdocs\courts\models\Report4Summary.php
C:\xampp\htdocs\courts\models\Report5.php
C:\xampp\htdocs\courts\models\Report5Summary.php
C:\xampp\htdocs\courts\models\Report6.php
C:\xampp\htdocs\courts\models\Report6Summary.php
C:\xampp\htdocs\courts\models\ResetPassword.php
C:\xampp\htdocs\courts\models\Specialfiles.php
C:\xampp\htdocs\courts\models\SpecialfilesAdd.php
C:\xampp\htdocs\courts\models\SpecialfilesDelete.php
C:\xampp\htdocs\courts\models\SpecialfilesEdit.php
C:\xampp\htdocs\courts\models\SpecialfilesList.php
C:\xampp\htdocs\courts\models\SpecialfilesView.php
C:\xampp\htdocs\courts\models\Tbyd.php
C:\xampp\htdocs\courts\models\TbydList.php
C:\xampp\htdocs\courts\models\Tekesash.php
C:\xampp\htdocs\courts\models\TekesashCrosstab.php
C:\xampp\htdocs\courts\models\Userlevelpermissions.php
C:\xampp\htdocs\courts\models\UserlevelpermissionsAdd.php
C:\xampp\htdocs\courts\models\UserlevelpermissionsDelete.php
C:\xampp\htdocs\courts\models\UserlevelpermissionsEdit.php
C:\xampp\htdocs\courts\models\UserlevelpermissionsList.php
C:\xampp\htdocs\courts\models\UserlevelpermissionsView.php
C:\xampp\htdocs\courts\models\Userlevels.php
C:\xampp\htdocs\courts\models\UserlevelsAdd.php
C:\xampp\htdocs\courts\models\UserlevelsDelete.php
C:\xampp\htdocs\courts\models\UserlevelsEdit.php
C:\xampp\htdocs\courts\models\UserlevelsList.php
C:\xampp\htdocs\courts\models\UserlevelsView.php
C:\xampp\htdocs\courts\models\Userpriv.php
C:\xampp\htdocs\courts\models\Users.php
C:\xampp\htdocs\courts\models\UsersAdd.php
C:\xampp\htdocs\courts\models\UsersDelete.php
C:\xampp\htdocs\courts\models\UsersEdit.php
C:\xampp\htdocs\courts\models\UsersList.php
C:\xampp\htdocs\courts\models\UsersView.php
C:\xampp\htdocs\courts\models\Wesane.php
C:\xampp\htdocs\courts\models\Wesane2.php
C:\xampp\htdocs\courts\models\Wesane2Crosstab.php
C:\xampp\htdocs\courts\models\WesaneList.php
C:\xampp\htdocs\courts\models\Wittnesses.php
C:\xampp\htdocs\courts\models\WittnessesAdd.php
C:\xampp\htdocs\courts\models\WittnessesDelete.php
C:\xampp\htdocs\courts\models\WittnessesEdit.php
C:\xampp\htdocs\courts\models\WittnessesList.php
C:\xampp\htdocs\courts\models\WittnessesView.php
C:\xampp\htdocs\courts\models\_127012A81233123D.php
C:\xampp\htdocs\courts\models\_127012A81233123DList.php
C:\xampp\htdocs\courts\package.json
C:\xampp\htdocs\courts\src\AbstractController.php
C:\xampp\htdocs\courts\src\AbstractEntity.php
C:\xampp\htdocs\courts\src\AbstractExport.php
C:\xampp\htdocs\courts\src\AbstractExportBase.php
C:\xampp\htdocs\courts\src\AbstractTwoFactorAuthentication.php
C:\xampp\htdocs\courts\src\AdvancedFilter.php
C:\xampp\htdocs\courts\src\AdvancedSearch.php
C:\xampp\htdocs\courts\src\AdvancedSecurity.php
C:\xampp\htdocs\courts\src\Allow.php
C:\xampp\htdocs\courts\src\ApiActionEvent.php
C:\xampp\htdocs\courts\src\ApiPermissionMiddleware.php
C:\xampp\htdocs\courts\src\Attributes.php
C:\xampp\htdocs\courts\src\Attributes\Delete.php
C:\xampp\htdocs\courts\src\Attributes\Get.php
C:\xampp\htdocs\courts\src\Attributes\Map.php
C:\xampp\htdocs\courts\src\Attributes\Options.php
C:\xampp\htdocs\courts\src\Attributes\Patch.php
C:\xampp\htdocs\courts\src\Attributes\Post.php
C:\xampp\htdocs\courts\src\Attributes\Put.php
C:\xampp\htdocs\courts\src\AuditTrailHandler.php
C:\xampp\htdocs\courts\src\AzureAD.php
C:\xampp\htdocs\courts\src\BasicSearch.php
C:\xampp\htdocs\courts\src\Breadcrumb.php
C:\xampp\htdocs\courts\src\BytesType.php
C:\xampp\htdocs\courts\src\CaptchaBase.php
C:\xampp\htdocs\courts\src\CaptchaInterface.php
C:\xampp\htdocs\courts\src\ChartExporter.php
C:\xampp\htdocs\courts\src\ChartJsRenderer.php
C:\xampp\htdocs\courts\src\ChartRendererInterface.php
C:\xampp\htdocs\courts\src\ChartTypes.php
C:\xampp\htdocs\courts\src\ConfigurationEvent.php
C:\xampp\htdocs\courts\src\ContainerBuildEvent.php
C:\xampp\htdocs\courts\src\CorsMiddleware.php
C:\xampp\htdocs\courts\src\CrosstabColumn.php
C:\xampp\htdocs\courts\src\CrosstabTable.php
C:\xampp\htdocs\courts\src\CustomUploadHandler.php
C:\xampp\htdocs\courts\src\DataType.php
C:\xampp\htdocs\courts\src\DatabaseConnectedEvent.php
C:\xampp\htdocs\courts\src\DatabaseConnectingEvent.php
C:\xampp\htdocs\courts\src\DbChart.php
C:\xampp\htdocs\courts\src\DbField.php
C:\xampp\htdocs\courts\src\DbTable.php
C:\xampp\htdocs\courts\src\DbTableBase.php
C:\xampp\htdocs\courts\src\DebugSqlLogger.php
C:\xampp\htdocs\courts\src\Email.php
C:\xampp\htdocs\courts\src\EmailTwoFactorAuthentication.php
C:\xampp\htdocs\courts\src\EntityDescriptor.php
C:\xampp\htdocs\courts\src\Entity\Appeal.php
C:\xampp\htdocs\courts\src\Entity\Appointment.php
C:\xampp\htdocs\courts\src\Entity\Attorney.php
C:\xampp\htdocs\courts\src\Entity\Bar.php
C:\xampp\htdocs\courts\src\Entity\CaseCharge.php
C:\xampp\htdocs\courts\src\Entity\CaseHear.php
C:\xampp\htdocs\courts\src\Entity\Court.php
C:\xampp\htdocs\courts\src\Entity\Decision.php
C:\xampp\htdocs\courts\src\Entity\Esregna.php
C:\xampp\htdocs\courts\src\Entity\Filelist.php
C:\xampp\htdocs\courts\src\Entity\Judge.php
C:\xampp\htdocs\courts\src\Entity\Listfile.php
C:\xampp\htdocs\courts\src\Entity\Specialfile.php
C:\xampp\htdocs\courts\src\Entity\Tbyd.php
C:\xampp\htdocs\courts\src\Entity\User.php
C:\xampp\htdocs\courts\src\Entity\Userlevel.php
C:\xampp\htdocs\courts\src\Entity\Userlevelpermission.php
C:\xampp\htdocs\courts\src\Entity\Wesane.php
C:\xampp\htdocs\courts\src\Entity\Wittness.php
C:\xampp\htdocs\courts\src\Entity\ተከሳሽ.php
C:\xampp\htdocs\courts\src\ExportCsv.php
C:\xampp\htdocs\courts\src\ExportEmail.php
C:\xampp\htdocs\courts\src\ExportExcel.php
C:\xampp\htdocs\courts\src\ExportHandler.php
C:\xampp\htdocs\courts\src\ExportHtml.php
C:\xampp\htdocs\courts\src\ExportJson.php
C:\xampp\htdocs\courts\src\ExportPdf.php
C:\xampp\htdocs\courts\src\ExportWord.php
C:\xampp\htdocs\courts\src\ExportXml.php
C:\xampp\htdocs\courts\src\FileUploadHandler.php
C:\xampp\htdocs\courts\src\FileViewer.php
C:\xampp\htdocs\courts\src\ForceLogoutUserAction.php
C:\xampp\htdocs\courts\src\GeographyType.php
C:\xampp\htdocs\courts\src\GeometryType.php
C:\xampp\htdocs\courts\src\HierarchyIdType.php
C:\xampp\htdocs\courts\src\HttpErrorHandler.php
C:\xampp\htdocs\courts\src\HttpForm.php
C:\xampp\htdocs\courts\src\HttpServiceUnavailableException.php
C:\xampp\htdocs\courts\src\HttpSession.php
C:\xampp\htdocs\courts\src\HttpUpload.php
C:\xampp\htdocs\courts\src\JwtMiddleware.php
C:\xampp\htdocs\courts\src\Language.php
C:\xampp\htdocs\courts\src\LanguageLoadEvent.php
C:\xampp\htdocs\courts\src\LaravelSessionMiddleware.php
C:\xampp\htdocs\courts\src\LdapConn.php
C:\xampp\htdocs\courts\src\ListAction.php
C:\xampp\htdocs\courts\src\ListActions.php
C:\xampp\htdocs\courts\src\ListOption.php
C:\xampp\htdocs\courts\src\ListOptions.php
C:\xampp\htdocs\courts\src\ListOptionsArray.php
C:\xampp\htdocs\courts\src\LoginStatusEvent.php
C:\xampp\htdocs\courts\src\Lookup.php
C:\xampp\htdocs\courts\src\MaintenanceMiddleware.php
C:\xampp\htdocs\courts\src\Menu.php
C:\xampp\htdocs\courts\src\MenuItem.php
C:\xampp\htdocs\courts\src\MenuItemAddingEvent.php
C:\xampp\htdocs\courts\src\MenuRenderedEvent.php
C:\xampp\htdocs\courts\src\MenuRenderingEvent.php
C:\xampp\htdocs\courts\src\MessagesTrait.php
C:\xampp\htdocs\courts\src\NumericPager.php
C:\xampp\htdocs\courts\src\OptionValues.php
C:\xampp\htdocs\courts\src\PageLoadingEvent.php
C:\xampp\htdocs\courts\src\PageRenderingEvent.php
C:\xampp\htdocs\courts\src\PageUnloadedEvent.php
C:\xampp\htdocs\courts\src\Pager.php
C:\xampp\htdocs\courts\src\PagerItem.php
C:\xampp\htdocs\courts\src\PasswordHash.php
C:\xampp\htdocs\courts\src\PermissionMiddleware.php
C:\xampp\htdocs\courts\src\PhpEncryption.php
C:\xampp\htdocs\courts\src\PragmaRxTwoFactorAuthentication.php
C:\xampp\htdocs\courts\src\PrevNextPager.php
C:\xampp\htdocs\courts\src\PushNotification.php
C:\xampp\htdocs\courts\src\ReportField.php
C:\xampp\htdocs\courts\src\ReportTable.php
C:\xampp\htdocs\courts\src\ResendRegisterEmailAction.php
C:\xampp\htdocs\courts\src\ResetConcurrentUserAction.php
C:\xampp\htdocs\courts\src\ResetLoginRetryAction.php
C:\xampp\htdocs\courts\src\ResetUserSecretAction.php
C:\xampp\htdocs\courts\src\RouteActionEvent.php
C:\xampp\htdocs\courts\src\RouteAttributes.php
C:\xampp\htdocs\courts\src\RowSummary.php
C:\xampp\htdocs\courts\src\RowTotal.php
C:\xampp\htdocs\courts\src\RowType.php
C:\xampp\htdocs\courts\src\Saml2.php
C:\xampp\htdocs\courts\src\SessionHandler.php
C:\xampp\htdocs\courts\src\SetPasswordExpiredAction.php
C:\xampp\htdocs\courts\src\Sms.php
C:\xampp\htdocs\courts\src\SmsTwoFactorAuthentication.php
C:\xampp\htdocs\courts\src\SsoStateSessionStore.php
C:\xampp\htdocs\courts\src\SubPage.php
C:\xampp\htdocs\courts\src\SubPages.php
C:\xampp\htdocs\courts\src\SummaryField.php
C:\xampp\htdocs\courts\src\Timer.php
C:\xampp\htdocs\courts\src\TwoFactorAuthenticationInterface.php
C:\xampp\htdocs\courts\src\UploadHandler.php
C:\xampp\htdocs\courts\src\UserProfile.php
C:\xampp\htdocs\courts\src\XmlDocument.php
C:\xampp\htdocs\courts\src\apiroutes.php
C:\xampp\htdocs\courts\src\config.development.php
C:\xampp\htdocs\courts\src\config.php
C:\xampp\htdocs\courts\src\config.production.php
C:\xampp\htdocs\courts\src\constants.php
C:\xampp\htdocs\courts\src\definitions.php
C:\xampp\htdocs\courts\src\phpfn.php
C:\xampp\htdocs\courts\src\routes.php
C:\xampp\htdocs\courts\src\userfn.php
C:\xampp\htdocs\courts\src\userlevelsettings.php
C:\xampp\htdocs\courts\views\AppealAdd.php
C:\xampp\htdocs\courts\views\AppealDelete.php
C:\xampp\htdocs\courts\views\AppealEdit.php
C:\xampp\htdocs\courts\views\AppealList.php
C:\xampp\htdocs\courts\views\AppealView.php
C:\xampp\htdocs\courts\views\AppointmentsAdd.php
C:\xampp\htdocs\courts\views\AppointmentsDelete.php
C:\xampp\htdocs\courts\views\AppointmentsEdit.php
C:\xampp\htdocs\courts\views\AppointmentsList.php
C:\xampp\htdocs\courts\views\AppointmentsView.php
C:\xampp\htdocs\courts\views\AttorneysAdd.php
C:\xampp\htdocs\courts\views\AttorneysDelete.php
C:\xampp\htdocs\courts\views\AttorneysEdit.php
C:\xampp\htdocs\courts\views\AttorneysList.php
C:\xampp\htdocs\courts\views\AttorneysView.php
C:\xampp\htdocs\courts\views\BarsAdd.php
C:\xampp\htdocs\courts\views\BarsDelete.php
C:\xampp\htdocs\courts\views\BarsEdit.php
C:\xampp\htdocs\courts\views\BarsList.php
C:\xampp\htdocs\courts\views\BarsView.php
C:\xampp\htdocs\courts\views\CaseChargesAdd.php
C:\xampp\htdocs\courts\views\CaseChargesDelete.php
C:\xampp\htdocs\courts\views\CaseChargesEdit.php
C:\xampp\htdocs\courts\views\CaseChargesList.php
C:\xampp\htdocs\courts\views\CaseChargesView.php
C:\xampp\htdocs\courts\views\CaseHearsAdd.php
C:\xampp\htdocs\courts\views\CaseHearsDelete.php
C:\xampp\htdocs\courts\views\CaseHearsEdit.php
C:\xampp\htdocs\courts\views\CaseHearsList.php
C:\xampp\htdocs\courts\views\CaseHearsView.php
C:\xampp\htdocs\courts\views\ChangePassword.php
C:\xampp\htdocs\courts\views\CourtsAdd.php
C:\xampp\htdocs\courts\views\CourtsDelete.php
C:\xampp\htdocs\courts\views\CourtsEdit.php
C:\xampp\htdocs\courts\views\CourtsList.php
C:\xampp\htdocs\courts\views\CourtsView.php
C:\xampp\htdocs\courts\views\Crosstab1Crosstab.php
C:\xampp\htdocs\courts\views\Crosstab2Crosstab.php
C:\xampp\htdocs\courts\views\Crosstab3Crosstab.php
C:\xampp\htdocs\courts\views\Dashboard1.php
C:\xampp\htdocs\courts\views\DecisionsAdd.php
C:\xampp\htdocs\courts\views\DecisionsDelete.php
C:\xampp\htdocs\courts\views\DecisionsEdit.php
C:\xampp\htdocs\courts\views\DecisionsList.php
C:\xampp\htdocs\courts\views\DecisionsView.php
C:\xampp\htdocs\courts\views\Error.php
C:\xampp\htdocs\courts\views\EsregnaList.php
C:\xampp\htdocs\courts\views\FilelistList.php
C:\xampp\htdocs\courts\views\JudgesAdd.php
C:\xampp\htdocs\courts\views\JudgesDelete.php
C:\xampp\htdocs\courts\views\JudgesEdit.php
C:\xampp\htdocs\courts\views\JudgesList.php
C:\xampp\htdocs\courts\views\JudgesView.php
C:\xampp\htdocs\courts\views\ListfileList.php
C:\xampp\htdocs\courts\views\Login.php
C:\xampp\htdocs\courts\views\PersonalData.php
C:\xampp\htdocs\courts\views\Register.php
C:\xampp\htdocs\courts\views\Report1Summary.php
C:\xampp\htdocs\courts\views\Report2Summary.php
C:\xampp\htdocs\courts\views\Report3Summary.php
C:\xampp\htdocs\courts\views\Report4Summary.php
C:\xampp\htdocs\courts\views\Report5Summary.php
C:\xampp\htdocs\courts\views\Report6Summary.php
C:\xampp\htdocs\courts\views\ResetPassword.php
C:\xampp\htdocs\courts\views\SpecialfilesAdd.php
C:\xampp\htdocs\courts\views\SpecialfilesDelete.php
C:\xampp\htdocs\courts\views\SpecialfilesEdit.php
C:\xampp\htdocs\courts\views\SpecialfilesList.php
C:\xampp\htdocs\courts\views\SpecialfilesView.php
C:\xampp\htdocs\courts\views\TbydList.php
C:\xampp\htdocs\courts\views\TekesashCrosstab.php
C:\xampp\htdocs\courts\views\UserlevelpermissionsAdd.php
C:\xampp\htdocs\courts\views\UserlevelpermissionsDelete.php
C:\xampp\htdocs\courts\views\UserlevelpermissionsEdit.php
C:\xampp\htdocs\courts\views\UserlevelpermissionsList.php
C:\xampp\htdocs\courts\views\UserlevelpermissionsView.php
C:\xampp\htdocs\courts\views\UserlevelsAdd.php
C:\xampp\htdocs\courts\views\UserlevelsDelete.php
C:\xampp\htdocs\courts\views\UserlevelsEdit.php
C:\xampp\htdocs\courts\views\UserlevelsList.php
C:\xampp\htdocs\courts\views\UserlevelsView.php
C:\xampp\htdocs\courts\views\Userpriv.php
C:\xampp\htdocs\courts\views\UsersAdd.php
C:\xampp\htdocs\courts\views\UsersDelete.php
C:\xampp\htdocs\courts\views\UsersEdit.php
C:\xampp\htdocs\courts\views\UsersList.php
C:\xampp\htdocs\courts\views\UsersView.php
C:\xampp\htdocs\courts\views\Wesane2Crosstab.php
C:\xampp\htdocs\courts\views\WesaneList.php
C:\xampp\htdocs\courts\views\WittnessesAdd.php
C:\xampp\htdocs\courts\views\WittnessesDelete.php
C:\xampp\htdocs\courts\views\WittnessesEdit.php
C:\xampp\htdocs\courts\views\WittnessesList.php
C:\xampp\htdocs\courts\views\WittnessesView.php
C:\xampp\htdocs\courts\views\_127012A81233123DList.php
C:\xampp\htdocs\courts\views\email.php
C:\xampp\htdocs\courts\views\layout.php
C:\xampp\htdocs\courts\views\menu.php
C:\xampp\htdocs\courts\views\swagger.php
C:\xampp\htdocs\courts\web.config